2024-02-26 14:15:35.782 INFO [main] [Horse.<init>(Horse.java:35)] -DEBUG Horse: create Horse, name [Bucephalus], speed [2.4]
2024-02-26 14:15:35.802 INFO [main] [Horse.<init>(Horse.java:35)] -DEBUG Horse: create Horse, name [Ace of Spades], speed [2.5]
2024-02-26 14:15:35.803 INFO [main] [Horse.<init>(Horse.java:35)] -DEBUG Horse: create Horse, name [Zephyr], speed [2.6]
2024-02-26 14:15:35.803 INFO [main] [Horse.<init>(Horse.java:35)] -DEBUG Horse: create Horse, name [Blaze], speed [2.7]
2024-02-26 14:15:35.804 INFO [main] [Horse.<init>(Horse.java:35)] -DEBUG Horse: create Horse, name [Lobster], speed [2.8]
2024-02-26 14:15:35.805 INFO [main] [Horse.<init>(Horse.java:35)] -DEBUG Horse: create Horse, name [Pegasus], speed [2.9]
2024-02-26 14:15:35.806 INFO [main] [Horse.<init>(Horse.java:35)] -DEBUG Horse: create Horse, name [Cherry], speed [3.0]
2024-02-26 14:15:35.808 INFO [main] [Hippodrome.<init>(Hippodrome.java:27)] -Hippodrome: create Hippodrome, horses [7]
2024-02-26 14:15:35.808 INFO [main] [Main.main(Main.java:21)] -Start of the race. Number of participants: 7
2024-02-26 14:15:56.564 INFO [main] [Main.main(Main.java:31)] -End of the race. Winner is: Cherry
2024-02-26 14:16:10.067 INFO [main] [Horse.<init>(Horse.java:35)] -DEBUG Horse: create Horse, name [Horse 1], speed [1.0]
2024-02-26 14:16:10.074 INFO [main] [Horse.<init>(Horse.java:35)] -DEBUG Horse: create Horse, name [Horse 2], speed [5.0]
2024-02-26 14:16:10.075 INFO [main] [Horse.<init>(Horse.java:35)] -DEBUG Horse: create Horse, name [Horse 3], speed [10.0]
2024-02-26 14:16:10.075 INFO [main] [Horse.<init>(Horse.java:35)] -DEBUG Horse: create Horse, name [Horse 4], speed [12.0]
2024-02-26 14:16:10.076 INFO [main] [Horse.<init>(Horse.java:35)] -DEBUG Horse: create Horse, name [Horse 5], speed [15.0]
2024-02-26 14:16:10.076 INFO [main] [Hippodrome.<init>(Hippodrome.java:27)] -Hippodrome: create Hippodrome, horses [5]
2024-02-26 14:16:10.110 INFO [main] [Hippodrome.<init>(Hippodrome.java:21)] -Hippodrome: Horses list is empty
2024-02-26 14:16:10.116 INFO [main] [Hippodrome.<init>(Hippodrome.java:18)] -ERROR Hippodrome: Horses list is null
2024-02-26 14:16:10.126 INFO [main] [Horse.<init>(Horse.java:35)] -DEBUG Horse: create Horse, name [Horse 0], speed [0.0]
2024-02-26 14:16:10.126 INFO [main] [Horse.<init>(Horse.java:35)] -DEBUG Horse: create Horse, name [Horse 1], speed [1.0]
2024-02-26 14:16:10.127 INFO [main] [Horse.<init>(Horse.java:35)] -DEBUG Horse: create Horse, name [Horse 2], speed [2.0]
2024-02-26 14:16:10.127 INFO [main] [Horse.<init>(Horse.java:35)] -DEBUG Horse: create Horse, name [Horse 3], speed [3.0]
2024-02-26 14:16:10.128 INFO [main] [Horse.<init>(Horse.java:35)] -DEBUG Horse: create Horse, name [Horse 4], speed [4.0]
2024-02-26 14:16:10.128 INFO [main] [Horse.<init>(Horse.java:35)] -DEBUG Horse: create Horse, name [Horse 5], speed [5.0]
2024-02-26 14:16:10.129 INFO [main] [Horse.<init>(Horse.java:35)] -DEBUG Horse: create Horse, name [Horse 6], speed [6.0]
2024-02-26 14:16:10.129 INFO [main] [Horse.<init>(Horse.java:35)] -DEBUG Horse: create Horse, name [Horse 7], speed [7.0]
2024-02-26 14:16:10.129 INFO [main] [Horse.<init>(Horse.java:35)] -DEBUG Horse: create Horse, name [Horse 8], speed [8.0]
2024-02-26 14:16:10.130 INFO [main] [Horse.<init>(Horse.java:35)] -DEBUG Horse: create Horse, name [Horse 9], speed [9.0]
2024-02-26 14:16:10.130 INFO [main] [Horse.<init>(Horse.java:35)] -DEBUG Horse: create Horse, name [Horse 10], speed [10.0]
2024-02-26 14:16:10.131 INFO [main] [Horse.<init>(Horse.java:35)] -DEBUG Horse: create Horse, name [Horse 11], speed [11.0]
2024-02-26 14:16:10.131 INFO [main] [Horse.<init>(Horse.java:35)] -DEBUG Horse: create Horse, name [Horse 12], speed [12.0]
2024-02-26 14:16:10.132 INFO [main] [Horse.<init>(Horse.java:35)] -DEBUG Horse: create Horse, name [Horse 13], speed [13.0]
2024-02-26 14:16:10.133 INFO [main] [Horse.<init>(Horse.java:35)] -DEBUG Horse: create Horse, name [Horse 14], speed [14.0]
2024-02-26 14:16:10.133 INFO [main] [Horse.<init>(Horse.java:35)] -DEBUG Horse: create Horse, name [Horse 15], speed [15.0]
2024-02-26 14:16:10.134 INFO [main] [Horse.<init>(Horse.java:35)] -DEBUG Horse: create Horse, name [Horse 16], speed [16.0]
2024-02-26 14:16:10.134 INFO [main] [Horse.<init>(Horse.java:35)] -DEBUG Horse: create Horse, name [Horse 17], speed [17.0]
2024-02-26 14:16:10.135 INFO [main] [Horse.<init>(Horse.java:35)] -DEBUG Horse: create Horse, name [Horse 18], speed [18.0]
2024-02-26 14:16:10.135 INFO [main] [Horse.<init>(Horse.java:35)] -DEBUG Horse: create Horse, name [Horse 19], speed [19.0]
2024-02-26 14:16:10.136 INFO [main] [Horse.<init>(Horse.java:35)] -DEBUG Horse: create Horse, name [Horse 20], speed [20.0]
2024-02-26 14:16:10.137 INFO [main] [Horse.<init>(Horse.java:35)] -DEBUG Horse: create Horse, name [Horse 21], speed [21.0]
2024-02-26 14:16:10.137 INFO [main] [Horse.<init>(Horse.java:35)] -DEBUG Horse: create Horse, name [Horse 22], speed [22.0]
2024-02-26 14:16:10.138 INFO [main] [Horse.<init>(Horse.java:35)] -DEBUG Horse: create Horse, name [Horse 23], speed [23.0]
2024-02-26 14:16:10.139 INFO [main] [Horse.<init>(Horse.java:35)] -DEBUG Horse: create Horse, name [Horse 24], speed [24.0]
2024-02-26 14:16:10.139 INFO [main] [Horse.<init>(Horse.java:35)] -DEBUG Horse: create Horse, name [Horse 25], speed [25.0]
2024-02-26 14:16:10.140 INFO [main] [Horse.<init>(Horse.java:35)] -DEBUG Horse: create Horse, name [Horse 26], speed [26.0]
2024-02-26 14:16:10.140 INFO [main] [Horse.<init>(Horse.java:35)] -DEBUG Horse: create Horse, name [Horse 27], speed [27.0]
2024-02-26 14:16:10.140 INFO [main] [Horse.<init>(Horse.java:35)] -DEBUG Horse: create Horse, name [Horse 28], speed [28.0]
2024-02-26 14:16:10.141 INFO [main] [Horse.<init>(Horse.java:35)] -DEBUG Horse: create Horse, name [Horse 29], speed [29.0]
2024-02-26 14:16:10.141 INFO [main] [Hippodrome.<init>(Hippodrome.java:27)] -Hippodrome: create Hippodrome, horses [30]
2024-02-26 14:16:11.457 INFO [main] [Hippodrome.<init>(Hippodrome.java:27)] -Hippodrome: create Hippodrome, horses [50]
2024-02-26 14:16:11.591 INFO [main] [Horse.<init>(Horse.java:35)] -DEBUG Horse: create Horse, name [TestName], speed [7.5]
2024-02-26 14:16:11.737 INFO [main] [Horse.<init>(Horse.java:35)] -DEBUG Horse: create Horse, name [TestName], speed [2.5]
2024-02-26 14:16:11.771 INFO [main] [Horse.<init>(Horse.java:35)] -DEBUG Horse: create Horse, name [TestName], speed [2.5]
2024-02-26 14:16:11.777 INFO [main] [Horse.<init>(Horse.java:35)] -DEBUG Horse: create Horse, name [TestName], speed [2.5]
2024-02-26 14:16:11.782 INFO [main] [Horse.<init>(Horse.java:35)] -DEBUG Horse: create Horse, name [TestName], speed [2.5]
2024-02-26 14:16:11.786 INFO [main] [Horse.<init>(Horse.java:35)] -DEBUG Horse: create Horse, name [TestName], speed [2.5]
2024-02-26 14:16:11.791 INFO [main] [Horse.<init>(Horse.java:35)] -DEBUG Horse: create Horse, name [TestName], speed [2.5]
2024-02-26 14:16:11.795 INFO [main] [Horse.<init>(Horse.java:35)] -DEBUG Horse: create Horse, name [TestName], speed [2.5]
2024-02-26 14:16:11.799 INFO [main] [Horse.<init>(Horse.java:35)] -DEBUG Horse: create Horse, name [TestName], speed [2.5]
2024-02-26 14:16:11.804 INFO [main] [Horse.<init>(Horse.java:16)] -ERROR Horse: Name is null
2024-02-26 14:16:11.807 INFO [main] [Horse.<init>(Horse.java:35)] -DEBUG Horse: create Horse, name [TestName], speed [5.5]
2024-02-26 14:16:11.811 INFO [main] [Horse.<init>(Horse.java:35)] -DEBUG Horse: create Horse, name [TestName], speed [7.5]
2024-02-26 14:16:11.816 INFO [main] [Horse.<init>(Horse.java:23)] -ERROR Horse: Speed is negative
2024-02-26 14:16:11.825 INFO [main] [Horse.<init>(Horse.java:19)] -ERROR Horse: Name is blank
2024-02-26 14:16:11.830 INFO [main] [Horse.<init>(Horse.java:19)] -ERROR Horse: Name is blank
2024-02-26 14:16:11.836 INFO [main] [Horse.<init>(Horse.java:19)] -ERROR Horse: Name is blank
2024-02-26 14:16:11.842 INFO [main] [Horse.<init>(Horse.java:19)] -ERROR Horse: Name is blank
2024-02-26 14:16:11.847 INFO [main] [Horse.<init>(Horse.java:19)] -ERROR Horse: Name is blank
2024-02-26 14:16:11.851 INFO [main] [Horse.<init>(Horse.java:19)] -ERROR Horse: Name is blank
2024-02-26 14:16:11.855 INFO [main] [Horse.<init>(Horse.java:19)] -ERROR Horse: Name is blank
2024-02-26 14:16:11.860 INFO [main] [Horse.<init>(Horse.java:19)] -ERROR Horse: Name is blank
2024-02-26 14:16:11.864 INFO [main] [Horse.<init>(Horse.java:27)] -ERROR Horse: Distance is negative
